# JRE version: OpenJDK Runtime Environment (Zulu 8.68.0.21-CA-win64) (8.0_362-b09) (build 1.8.0_362-b09)
# Java VM: OpenJDK 64-Bit Server VM (25.362-b09 mixed mode windows-amd64 compressed oops)
Heap:
 PSYoungGen      total 55296K, used 24527K [0x00000000d5580000, 0x00000000d8f80000, 0x0000000100000000)
  eden space 51200K, 41% used [0x00000000d5580000,0x00000000d6a7b970,0x00000000d8780000)
  from space 4096K, 74% used [0x00000000d8780000,0x00000000d8a78350,0x00000000d8b80000)
  to   space 4096K, 0% used [0x00000000d8b80000,0x00000000d8b80000,0x00000000d8f80000)
 ParOldGen       total 40960K, used 9712K [0x0000000080000000, 0x0000000082800000, 0x00000000d5580000)
  object space 40960K, 23% used [0x0000000080000000,0x000000008097c240,0x0000000082800000)
 Metaspace       used 22983K, capacity 23364K, committed 23808K, reserved 1071104K
  class space    used 2536K, capacity 2690K, committed 2816K, reserved 1048576K
GC Heap History (10 events):
Event: 8.499 GC heap before
{Heap before GC invocations=6 (full 0):
 PSYoungGen      total 55296K, used 55289K [0x00000000d5580000, 0x00000000d8f80000, 0x0000000100000000)
  eden space 51200K, 100% used [0x00000000d5580000,0x00000000d8780000,0x00000000d8780000)
  from space 4096K, 99% used [0x00000000d8780000,0x00000000d8b7e778,0x00000000d8b80000)
  to   space 4096K, 0% used [0x00000000d8b80000,0x00000000d8b80000,0x00000000d8f80000)
 ParOldGen       total 68608K, used 2496K [0x0000000080000000, 0x0000000084300000, 0x00000000d5580000)
  object space 68608K, 3% used [0x0000000080000000,0x0000000080270120,0x0000000084300000)
 Metaspace       used 17989K, capacity 18220K, committed 18560K, reserved 1064960K
  class space    used 1919K, capacity 2051K, committed 2176K, reserved 1048576K
Event: 8.513 GC heap after
Heap after GC invocations=6 (full 0):
 PSYoungGen      total 55296K, used 4089K [0x00000000d5580000, 0x00000000d8f80000, 0x0000000100000000)
  eden space 51200K, 0% used [0x00000000d5580000,0x00000000d5580000,0x00000000d8780000)
  from space 4096K, 99% used [0x00000000d8b80000,0x00000000d8f7e718,0x00000000d8f80000)
  to   space 4096K, 0% used [0x00000000d8780000,0x00000000d8780000,0x00000000d8b80000)
 ParOldGen       total 68608K, used 6292K [0x0000000080000000, 0x0000000084300000, 0x00000000d5580000)
  object space 68608K, 9% used [0x0000000080000000,0x0000000080625278,0x0000000084300000)
 Metaspace       used 17989K, capacity 18220K, committed 18560K, reserved 1064960K
  class space    used 1919K, capacity 2051K, committed 2176K, reserved 1048576K
}
Event: 9.754 GC heap before
{Heap before GC invocations=7 (full 0):
 PSYoungGen      total 55296K, used 55289K [0x00000000d5580000, 0x00000000d8f80000, 0x0000000100000000)
  eden space 51200K, 100% used [0x00000000d5580000,0x00000000d8780000,0x00000000d8780000)
  from space 4096K, 99% used [0x00000000d8b80000,0x00000000d8f7e718,0x00000000d8f80000)
  to   space 4096K, 0% used [0x00000000d8780000,0x00000000d8780000,0x00000000d8b80000)
 ParOldGen       total 68608K, used 6292K [0x0000000080000000, 0x0000000084300000, 0x00000000d5580000)
  object space 68608K, 9% used [0x0000000080000000,0x0000000080625278,0x0000000084300000)
 Metaspace       used 20842K, capacity 21130K, committed 21296K, reserved 1069056K
  class space    used 2294K, capacity 2425K, committed 2432K, reserved 1048576K
Event: 9.788 GC heap after
Heap after GC invocations=7 (full 0):
 PSYoungGen      total 55296K, used 4064K [0x00000000d5580000, 0x00000000d8f80000, 0x0000000100000000)
  eden space 51200K, 0% used [0x00000000d5580000,0x00000000d5580000,0x00000000d8780000)
  from space 4096K, 99% used [0x00000000d8780000,0x00000000d8b78288,0x00000000d8b80000)
  to   space 4096K, 0% used [0x00000000d8b80000,0x00000000d8b80000,0x00000000d8f80000)
 ParOldGen       total 68608K, used 9297K [0x0000000080000000, 0x0000000084300000, 0x00000000d5580000)
  object space 68608K, 13% used [0x0000000080000000,0x0000000080914448,0x0000000084300000)
 Metaspace       used 20842K, capacity 21130K, committed 21296K, reserved 1069056K
  class space    used 2294K, capacity 2425K, committed 2432K, reserved 1048576K
}
Event: 9.793 GC heap before
{Heap before GC invocations=8 (full 0):
 PSYoungGen      total 55296K, used 5084K [0x00000000d5580000, 0x00000000d8f80000, 0x0000000100000000)
  eden space 51200K, 1% used [0x00000000d5580000,0x00000000d567f0e0,0x00000000d8780000)
  from space 4096K, 99% used [0x00000000d8780000,0x00000000d8b78288,0x00000000d8b80000)
  to   space 4096K, 0% used [0x00000000d8b80000,0x00000000d8b80000,0x00000000d8f80000)
 ParOldGen       total 68608K, used 9297K [0x0000000080000000, 0x0000000084300000, 0x00000000d5580000)
  object space 68608K, 13% used [0x0000000080000000,0x0000000080914448,0x0000000084300000)
 Metaspace       used 20842K, capacity 21130K, committed 21296K, reserved 1069056K
  class space    used 2294K, capacity 2425K, committed 2432K, reserved 1048576K
Event: 9.808 GC heap after
Heap after GC invocations=8 (full 0):
 PSYoungGen      total 55296K, used 2848K [0x00000000d5580000, 0x00000000d8f80000, 0x0000000100000000)
  eden space 51200K, 0% used [0x00000000d5580000,0x00000000d5580000,0x00000000d8780000)
  from space 4096K, 69% used [0x00000000d8b80000,0x00000000d8e48010,0x00000000d8f80000)
  to   space 4096K, 0% used [0x00000000d8780000,0x00000000d8780000,0x00000000d8b80000)
 ParOldGen       total 68608K, used 9729K [0x0000000080000000, 0x0000000084300000, 0x00000000d5580000)
  object space 68608K, 14% used [0x0000000080000000,0x0000000080980468,0x0000000084300000)
 Metaspace       used 20842K, capacity 21130K, committed 21296K, reserved 1069056K
  class space    used 2294K, capacity 2425K, committed 2432K, reserved 1048576K
}
Event: 9.808 GC heap before
{Heap before GC invocations=9 (full 1):
 PSYoungGen      total 55296K, used 2848K [0x00000000d5580000, 0x00000000d8f80000, 0x0000000100000000)
  eden space 51200K, 0% used [0x00000000d5580000,0x00000000d5580000,0x00000000d8780000)
  from space 4096K, 69% used [0x00000000d8b80000,0x00000000d8e48010,0x00000000d8f80000)
  to   space 4096K, 0% used [0x00000000d8780000,0x00000000d8780000,0x00000000d8b80000)
 ParOldGen       total 68608K, used 9729K [0x0000000080000000, 0x0000000084300000, 0x00000000d5580000)
  object space 68608K, 14% used [0x0000000080000000,0x0000000080980468,0x0000000084300000)
 Metaspace       used 20842K, capacity 21130K, committed 21296K, reserved 1069056K
  class space    used 2294K, capacity 2425K, committed 2432K, reserved 1048576K
Event: 9.894 GC heap after
Heap after GC invocations=9 (full 1):
 PSYoungGen      total 55296K, used 0K [0x00000000d5580000, 0x00000000d8f80000, 0x0000000100000000)
  eden space 51200K, 0% used [0x00000000d5580000,0x00000000d5580000,0x00000000d8780000)
  from space 4096K, 0% used [0x00000000d8b80000,0x00000000d8b80000,0x00000000d8f80000)
  to   space 4096K, 0% used [0x00000000d8780000,0x00000000d8780000,0x00000000d8b80000)
 ParOldGen       total 40960K, used 9712K [0x0000000080000000, 0x0000000082800000, 0x00000000d5580000)
  object space 40960K, 23% used [0x0000000080000000,0x000000008097c240,0x0000000082800000)
 Metaspace       used 20842K, capacity 21130K, committed 21296K, reserved 1069056K
  class space    used 2294K, capacity 2425K, committed 2432K, reserved 1048576K
}
Event: 11.711 GC heap before
{Heap before GC invocations=10 (full 1):
 PSYoungGen      total 55296K, used 51200K [0x00000000d5580000, 0x00000000d8f80000, 0x0000000100000000)
  eden space 51200K, 100% used [0x00000000d5580000,0x00000000d8780000,0x00000000d8780000)
  from space 4096K, 0% used [0x00000000d8b80000,0x00000000d8b80000,0x00000000d8f80000)
  to   space 4096K, 0% used [0x00000000d8780000,0x00000000d8780000,0x00000000d8b80000)
 ParOldGen       total 40960K, used 9712K [0x0000000080000000, 0x0000000082800000, 0x00000000d5580000)
  object space 40960K, 23% used [0x0000000080000000,0x000000008097c240,0x0000000082800000)
 Metaspace       used 22391K, capacity 22718K, committed 23088K, reserved 1069056K
  class space    used 2470K, capacity 2587K, committed 2688K, reserved 1048576K
Event: 11.756 GC heap after
Heap after GC invocations=10 (full 1):
 PSYoungGen      total 55296K, used 3040K [0x00000000d5580000, 0x00000000d8f80000, 0x0000000100000000)
  eden space 51200K, 0% used [0x00000000d5580000,0x00000000d5580000,0x00000000d8780000)
  from space 4096K, 74% used [0x00000000d8780000,0x00000000d8a78350,0x00000000d8b80000)
  to   space 4096K, 0% used [0x00000000d8b80000,0x00000000d8b80000,0x00000000d8f80000)
 ParOldGen       total 40960K, used 9712K [0x0000000080000000, 0x0000000082800000, 0x00000000d5580000)
  object space 40960K, 23% used [0x0000000080000000,0x000000008097c240,0x0000000082800000)
 Metaspace       used 22391K, capacity 22718K, committed 23088K, reserved 1069056K
  class space    used 2470K, capacity 2587K, committed 2688K, reserved 1048576K
}

