# JRE version: OpenJDK Runtime Environment (Zulu 8.68.0.21-CA-win64) (8.0_362-b09) (build 1.8.0_362-b09)
# Java VM: OpenJDK 64-Bit Server VM (25.362-b09 mixed mode windows-amd64 compressed oops)
Heap:
 PSYoungGen      total 139776K, used 71938K [0x00000000d5580000, 0x00000000dea00000, 0x0000000100000000)
  eden space 132608K, 48% used [0x00000000d5580000,0x00000000d94c4828,0x00000000dd700000)
  from space 7168K, 99% used [0x00000000ddf00000,0x00000000de5fc010,0x00000000de600000)
  to   space 8192K, 0% used [0x00000000dd700000,0x00000000dd700000,0x00000000ddf00000)
 ParOldGen       total 47616K, used 9751K [0x0000000080000000, 0x0000000082e80000, 0x00000000d5580000)
  object space 47616K, 20% used [0x0000000080000000,0x0000000080985fa0,0x0000000082e80000)
 Metaspace       used 30462K, capacity 31304K, committed 31616K, reserved 1077248K
  class space    used 3601K, capacity 3849K, committed 3968K, reserved 1048576K
GC Heap History (10 events):
Event: 6.327 GC heap before
{Heap before GC invocations=7 (full 0):
 PSYoungGen      total 55808K, used 55793K [0x00000000d5580000, 0x00000000d9480000, 0x0000000100000000)
  eden space 50176K, 100% used [0x00000000d5580000,0x00000000d8680000,0x00000000d8680000)
  from space 5632K, 99% used [0x00000000d8d00000,0x00000000d927c7a8,0x00000000d9280000)
  to   space 6656K, 0% used [0x00000000d8680000,0x00000000d8680000,0x00000000d8d00000)
 ParOldGen       total 68608K, used 2188K [0x0000000080000000, 0x0000000084300000, 0x00000000d5580000)
  object space 68608K, 3% used [0x0000000080000000,0x0000000080223388,0x0000000084300000)
 Metaspace       used 19179K, capacity 19398K, committed 19712K, reserved 1067008K
  class space    used 2118K, capacity 2209K, committed 2304K, reserved 1048576K
Event: 6.348 GC heap after
Heap after GC invocations=7 (full 0):
 PSYoungGen      total 56832K, used 6196K [0x00000000d5580000, 0x00000000dc580000, 0x0000000100000000)
  eden space 50176K, 0% used [0x00000000d5580000,0x00000000d5580000,0x00000000d8680000)
  from space 6656K, 93% used [0x00000000d8680000,0x00000000d8c8d140,0x00000000d8d00000)
  to   space 7168K, 0% used [0x00000000dbe80000,0x00000000dbe80000,0x00000000dc580000)
 ParOldGen       total 68608K, used 4966K [0x0000000080000000, 0x0000000084300000, 0x00000000d5580000)
  object space 68608K, 7% used [0x0000000080000000,0x00000000804d9820,0x0000000084300000)
 Metaspace       used 19179K, capacity 19398K, committed 19712K, reserved 1067008K
  class space    used 2118K, capacity 2209K, committed 2304K, reserved 1048576K
}
Event: 7.235 GC heap before
{Heap before GC invocations=8 (full 0):
 PSYoungGen      total 56832K, used 47218K [0x00000000d5580000, 0x00000000dc580000, 0x0000000100000000)
  eden space 50176K, 81% used [0x00000000d5580000,0x00000000d7d8f970,0x00000000d8680000)
  from space 6656K, 93% used [0x00000000d8680000,0x00000000d8c8d140,0x00000000d8d00000)
  to   space 7168K, 0% used [0x00000000dbe80000,0x00000000dbe80000,0x00000000dc580000)
 ParOldGen       total 68608K, used 4966K [0x0000000080000000, 0x0000000084300000, 0x00000000d5580000)
  object space 68608K, 7% used [0x0000000080000000,0x00000000804d9820,0x0000000084300000)
 Metaspace       used 20820K, capacity 21066K, committed 21296K, reserved 1069056K
  class space    used 2301K, capacity 2401K, committed 2432K, reserved 1048576K
Event: 7.247 GC heap after
Heap after GC invocations=8 (full 0):
 PSYoungGen      total 107520K, used 5309K [0x00000000d5580000, 0x00000000dc580000, 0x0000000100000000)
  eden space 100352K, 0% used [0x00000000d5580000,0x00000000d5580000,0x00000000db780000)
  from space 7168K, 74% used [0x00000000dbe80000,0x00000000dc3af620,0x00000000dc580000)
  to   space 7168K, 0% used [0x00000000db780000,0x00000000db780000,0x00000000dbe80000)
 ParOldGen       total 68608K, used 5790K [0x0000000080000000, 0x0000000084300000, 0x00000000d5580000)
  object space 68608K, 8% used [0x0000000080000000,0x00000000805a7920,0x0000000084300000)
 Metaspace       used 20820K, capacity 21066K, committed 21296K, reserved 1069056K
  class space    used 2301K, capacity 2401K, committed 2432K, reserved 1048576K
}
Event: 7.247 GC heap before
{Heap before GC invocations=9 (full 1):
 PSYoungGen      total 107520K, used 5309K [0x00000000d5580000, 0x00000000dc580000, 0x0000000100000000)
  eden space 100352K, 0% used [0x00000000d5580000,0x00000000d5580000,0x00000000db780000)
  from space 7168K, 74% used [0x00000000dbe80000,0x00000000dc3af620,0x00000000dc580000)
  to   space 7168K, 0% used [0x00000000db780000,0x00000000db780000,0x00000000dbe80000)
 ParOldGen       total 68608K, used 5790K [0x0000000080000000, 0x0000000084300000, 0x00000000d5580000)
  object space 68608K, 8% used [0x0000000080000000,0x00000000805a7920,0x0000000084300000)
 Metaspace       used 20820K, capacity 21066K, committed 21296K, reserved 1069056K
  class space    used 2301K, capacity 2401K, committed 2432K, reserved 1048576K
Event: 7.329 GC heap after
Heap after GC invocations=9 (full 1):
 PSYoungGen      total 107520K, used 0K [0x00000000d5580000, 0x00000000dc580000, 0x0000000100000000)
  eden space 100352K, 0% used [0x00000000d5580000,0x00000000d5580000,0x00000000db780000)
  from space 7168K, 0% used [0x00000000dbe80000,0x00000000dbe80000,0x00000000dc580000)
  to   space 7168K, 0% used [0x00000000db780000,0x00000000db780000,0x00000000dbe80000)
 ParOldGen       total 47616K, used 9026K [0x0000000080000000, 0x0000000082e80000, 0x00000000d5580000)
  object space 47616K, 18% used [0x0000000080000000,0x00000000808d0b20,0x0000000082e80000)
 Metaspace       used 20820K, capacity 21066K, committed 21296K, reserved 1069056K
  class space    used 2301K, capacity 2401K, committed 2432K, reserved 1048576K
}
Event: 8.711 GC heap before
{Heap before GC invocations=10 (full 1):
 PSYoungGen      total 107520K, used 100352K [0x00000000d5580000, 0x00000000dc580000, 0x0000000100000000)
  eden space 100352K, 100% used [0x00000000d5580000,0x00000000db780000,0x00000000db780000)
  from space 7168K, 0% used [0x00000000dbe80000,0x00000000dbe80000,0x00000000dc580000)
  to   space 7168K, 0% used [0x00000000db780000,0x00000000db780000,0x00000000dbe80000)
 ParOldGen       total 47616K, used 9026K [0x0000000080000000, 0x0000000082e80000, 0x00000000d5580000)
  object space 47616K, 18% used [0x0000000080000000,0x00000000808d0b20,0x0000000082e80000)
 Metaspace       used 22892K, capacity 23234K, committed 23680K, reserved 1071104K
  class space    used 2508K, capacity 2650K, committed 2688K, reserved 1048576K
Event: 8.720 GC heap after
Heap after GC invocations=10 (full 1):
 PSYoungGen      total 107520K, used 3061K [0x00000000d5580000, 0x00000000de600000, 0x0000000100000000)
  eden space 100352K, 0% used [0x00000000d5580000,0x00000000d5580000,0x00000000db780000)
  from space 7168K, 42% used [0x00000000db780000,0x00000000dba7d5d8,0x00000000dbe80000)
  to   space 7168K, 0% used [0x00000000ddf00000,0x00000000ddf00000,0x00000000de600000)
 ParOldGen       total 47616K, used 9026K [0x0000000080000000, 0x0000000082e80000, 0x00000000d5580000)
  object space 47616K, 18% used [0x0000000080000000,0x00000000808d0b20,0x0000000082e80000)
 Metaspace       used 22892K, capacity 23234K, committed 23680K, reserved 1071104K
  class space    used 2508K, capacity 2650K, committed 2688K, reserved 1048576K
}
Event: 10.035 GC heap before
{Heap before GC invocations=11 (full 1):
 PSYoungGen      total 107520K, used 103413K [0x00000000d5580000, 0x00000000de600000, 0x0000000100000000)
  eden space 100352K, 100% used [0x00000000d5580000,0x00000000db780000,0x00000000db780000)
  from space 7168K, 42% used [0x00000000db780000,0x00000000dba7d5d8,0x00000000dbe80000)
  to   space 7168K, 0% used [0x00000000ddf00000,0x00000000ddf00000,0x00000000de600000)
 ParOldGen       total 47616K, used 9026K [0x0000000080000000, 0x0000000082e80000, 0x00000000d5580000)
  object space 47616K, 18% used [0x0000000080000000,0x00000000808d0b20,0x0000000082e80000)
 Metaspace       used 24681K, capacity 25002K, committed 25216K, reserved 1071104K
  class space    used 2791K, capacity 2917K, committed 2944K, reserved 1048576K
Event: 10.066 GC heap after
Heap after GC invocations=11 (full 1):
 PSYoungGen      total 139776K, used 7152K [0x00000000d5580000, 0x00000000dea00000, 0x0000000100000000)
  eden space 132608K, 0% used [0x00000000d5580000,0x00000000d5580000,0x00000000dd700000)
  from space 7168K, 99% used [0x00000000ddf00000,0x00000000de5fc010,0x00000000de600000)
  to   space 8192K, 0% used [0x00000000dd700000,0x00000000dd700000,0x00000000ddf00000)
 ParOldGen       total 47616K, used 9751K [0x0000000080000000, 0x0000000082e80000, 0x00000000d5580000)
  object space 47616K, 20% used [0x0000000080000000,0x0000000080985fa0,0x0000000082e80000)
 Metaspace       used 24681K, capacity 25002K, committed 25216K, reserved 1071104K
  class space    used 2791K, capacity 2917K, committed 2944K, reserved 1048576K
}

